1666615559234	geckodriver	INFO	Listening on 127.0.0.1:58687
1666615559248	mozrunner::runner	INFO	Running command: "/usr/bin/firefox" "--marionette" "--remote-debugging-port" "59479" "--remote-allow-hosts" "localhost" "-no-remote" "-profile" "/tmp/rust_mozprofilen4W3OL"
ATTENTION: default value of option mesa_glthread overridden by environment.
ATTENTION: default value of option mesa_glthread overridden by environment.
ATTENTION: default value of option mesa_glthread overridden by environment.
ATTENTION: default value of option mesa_glthread overridden by environment.
1666615560208	Marionette	INFO	Marionette enabled
1666615560213	Marionette	INFO	Listening on port 35407
Read port: 35407
WebDriver BiDi listening on ws://127.0.0.1:59479
1666615560358	RemoteAgent	WARN	TLS certificate errors will be ignored for this session
console.warn: SearchSettings: "get: No settings file exists, new profile?" (new NotFoundError("Could not open the file at /tmp/rust_mozprofilen4W3OL/search.json.mozlz4", (void 0)))
Missing chrome or resource URL: resource://gre/modules/UpdateListener.sys.mjs
DevTools listening on ws://127.0.0.1:59479/devtools/browser/75bdeaeb-87b9-4f1a-af92-8918f6ed2aaf
Missing chrome or resource URL: resource://gre/modules/UpdateListener.sys.mjs
console.error: "Error during quit-application-granted: [Exception... \"File error: Not found\"  nsresult: \"0x80520012 (NS_ERROR_FILE_NOT_FOUND)\"  location: \"JS frame :: resource:///modules/BrowserGlue.jsm :: _onQuitApplicationGranted/tasks< :: line 2009\"  data: no]"
1666615562500	Marionette	INFO	Stopped listening on port 35407
console.warn: TopSitesFeed: Failed to fetch data from Contile server: NetworkError when attempting to fetch resource.
1666615562563	geckodriver::marionette	ERROR	Failed to close browser connection: Socket not connected (os error 107)
[2022-10-24T12:46:03Z ERROR glean_core] Can't persist ping lifetime data: Error { kind: Rkv(IoError(Os { code: 2, kind: NotFound, message: "No such file or directory" })) }
