1666614710566	geckodriver	INFO	Listening on 127.0.0.1:41537
1666614710589	mozrunner::runner	INFO	Running command: "/usr/bin/firefox" "--marionette" "--remote-debugging-port" "37411" "--remote-allow-hosts" "localhost" "-no-remote" "-profile" "/tmp/rust_mozprofileqJg38R"
ATTENTION: default value of option mesa_glthread overridden by environment.
ATTENTION: default value of option mesa_glthread overridden by environment.
ATTENTION: default value of option mesa_glthread overridden by environment.
ATTENTION: default value of option mesa_glthread overridden by environment.
1666614711626	Marionette	INFO	Marionette enabled
1666614711631	Marionette	INFO	Listening on port 39233
Read port: 39233
WebDriver BiDi listening on ws://127.0.0.1:37411
1666614711779	RemoteAgent	WARN	TLS certificate errors will be ignored for this session
console.warn: SearchSettings: "get: No settings file exists, new profile?" (new NotFoundError("Could not open the file at /tmp/rust_mozprofileqJg38R/search.json.mozlz4", (void 0)))
Missing chrome or resource URL: resource://gre/modules/UpdateListener.sys.mjs
DevTools listening on ws://127.0.0.1:37411/devtools/browser/af2029bb-9c54-4551-a90a-fb046c48379a
Missing chrome or resource URL: resource://gre/modules/UpdateListener.sys.mjs
console.error: "Error during quit-application-granted: [Exception... \"File error: Not found\"  nsresult: \"0x80520012 (NS_ERROR_FILE_NOT_FOUND)\"  location: \"JS frame :: resource:///modules/BrowserGlue.jsm :: _onQuitApplicationGranted/tasks< :: line 2009\"  data: no]"
1666614714949	Marionette	INFO	Stopped listening on port 39233
console.error: services.settings: 
  main/query-stripping Signature failed  TypeError: NetworkError: Network request failed
console.warn: TopSitesFeed: Failed to fetch data from Contile server: NetworkError when attempting to fetch resource.
1666614715002	geckodriver::marionette	ERROR	Failed to close browser connection: Socket not connected (os error 107)
[2022-10-24T12:31:55Z ERROR glean_core] Can't persist ping lifetime data: Error { kind: Rkv(IoError(Os { code: 2, kind: NotFound, message: "No such file or directory" })) }
